{"C:\\Users\\okaca\\Desktop\\secrcomp test\\JestApp\\src\\calculator.js": {"path":"C:\\Users\\okaca\\Desktop\\secrcomp test\\JestApp\\src\\calculator.js","statementMap":{"0":{"start":{"line":2,"column":4},"end":{"line":11,"column":5}},"1":{"start":{"line":3,"column":8},"end":{"line":8,"column":9}},"2":{"start":{"line":4,"column":12},"end":{"line":4,"column":25}},"3":{"start":{"line":6,"column":26},"end":{"line":6,"column":52}},"4":{"start":{"line":7,"column":12},"end":{"line":7,"column":23}},"5":{"start":{"line":10,"column":8},"end":{"line":10,"column":29}},"6":{"start":{"line":15,"column":4},"end":{"line":24,"column":5}},"7":{"start":{"line":16,"column":8},"end":{"line":21,"column":9}},"8":{"start":{"line":17,"column":8},"end":{"line":17,"column":21}},"9":{"start":{"line":19,"column":26},"end":{"line":19,"column":52}},"10":{"start":{"line":20,"column":12},"end":{"line":20,"column":24}},"11":{"start":{"line":23,"column":8},"end":{"line":23,"column":29}},"12":{"start":{"line":28,"column":4},"end":{"line":37,"column":5}},"13":{"start":{"line":29,"column":8},"end":{"line":34,"column":9}},"14":{"start":{"line":30,"column":8},"end":{"line":30,"column":19}},"15":{"start":{"line":32,"column":26},"end":{"line":32,"column":52}},"16":{"start":{"line":33,"column":12},"end":{"line":33,"column":24}},"17":{"start":{"line":36,"column":8},"end":{"line":36,"column":29}},"18":{"start":{"line":41,"column":4},"end":{"line":50,"column":5}},"19":{"start":{"line":42,"column":8},"end":{"line":47,"column":9}},"20":{"start":{"line":43,"column":8},"end":{"line":43,"column":19}},"21":{"start":{"line":45,"column":26},"end":{"line":45,"column":52}},"22":{"start":{"line":46,"column":12},"end":{"line":46,"column":24}},"23":{"start":{"line":49,"column":8},"end":{"line":49,"column":29}},"24":{"start":{"line":53,"column":0},"end":{"line":53,"column":51}}},"fnMap":{"0":{"name":"sum","decl":{"start":{"line":1,"column":9},"end":{"line":1,"column":12}},"loc":{"start":{"line":1,"column":17},"end":{"line":12,"column":1}},"line":1},"1":{"name":"subtract","decl":{"start":{"line":14,"column":9},"end":{"line":14,"column":17}},"loc":{"start":{"line":14,"column":22},"end":{"line":25,"column":1}},"line":14},"2":{"name":"multiply","decl":{"start":{"line":27,"column":9},"end":{"line":27,"column":17}},"loc":{"start":{"line":27,"column":22},"end":{"line":38,"column":1}},"line":27},"3":{"name":"divide","decl":{"start":{"line":40,"column":9},"end":{"line":40,"column":15}},"loc":{"start":{"line":40,"column":20},"end":{"line":51,"column":1}},"line":40}},"branchMap":{"0":{"loc":{"start":{"line":3,"column":8},"end":{"line":8,"column":9}},"type":"if","locations":[{"start":{"line":3,"column":8},"end":{"line":8,"column":9}},{"start":{"line":5,"column":12},"end":{"line":8,"column":9}}],"line":3},"1":{"loc":{"start":{"line":3,"column":12},"end":{"line":3,"column":54}},"type":"binary-expr","locations":[{"start":{"line":3,"column":12},"end":{"line":3,"column":31}},{"start":{"line":3,"column":35},"end":{"line":3,"column":54}}],"line":3},"2":{"loc":{"start":{"line":16,"column":8},"end":{"line":21,"column":9}},"type":"if","locations":[{"start":{"line":16,"column":8},"end":{"line":21,"column":9}},{"start":{"line":18,"column":12},"end":{"line":21,"column":9}}],"line":16},"3":{"loc":{"start":{"line":16,"column":12},"end":{"line":16,"column":54}},"type":"binary-expr","locations":[{"start":{"line":16,"column":12},"end":{"line":16,"column":31}},{"start":{"line":16,"column":35},"end":{"line":16,"column":54}}],"line":16},"4":{"loc":{"start":{"line":29,"column":8},"end":{"line":34,"column":9}},"type":"if","locations":[{"start":{"line":29,"column":8},"end":{"line":34,"column":9}},{"start":{"line":31,"column":12},"end":{"line":34,"column":9}}],"line":29},"5":{"loc":{"start":{"line":29,"column":12},"end":{"line":29,"column":54}},"type":"binary-expr","locations":[{"start":{"line":29,"column":12},"end":{"line":29,"column":31}},{"start":{"line":29,"column":35},"end":{"line":29,"column":54}}],"line":29},"6":{"loc":{"start":{"line":42,"column":8},"end":{"line":47,"column":9}},"type":"if","locations":[{"start":{"line":42,"column":8},"end":{"line":47,"column":9}},{"start":{"line":44,"column":12},"end":{"line":47,"column":9}}],"line":42},"7":{"loc":{"start":{"line":42,"column":12},"end":{"line":42,"column":64}},"type":"binary-expr","locations":[{"start":{"line":42,"column":12},"end":{"line":42,"column":31}},{"start":{"line":42,"column":35},"end":{"line":42,"column":54}},{"start":{"line":42,"column":58},"end":{"line":42,"column":64}}],"line":42}},"s":{"0":2,"1":2,"2":1,"3":1,"4":1,"5":1,"6":2,"7":2,"8":1,"9":1,"10":1,"11":0,"12":2,"13":2,"14":1,"15":1,"16":1,"17":0,"18":2,"19":2,"20":1,"21":1,"22":1,"23":0,"24":1},"f":{"0":2,"1":2,"2":2,"3":2},"b":{"0":[1,1],"1":[2,1],"2":[1,1],"3":[2,1],"4":[1,1],"5":[2,1],"6":[1,1],"7":[2,1,1]},"_coverageSchema":"1a1c01bbd47fc00a2c39e90264f33305004495a9","hash":"7b90290dba3c096be1285355e2d0cffe66bc6caf"}
}
