TN:
SF:src\calculator.js
FN:1,sum
FN:14,subtract
FN:27,multiply
FN:40,divide
FNF:4
FNH:4
FNDA:2,sum
FNDA:2,subtract
FNDA:2,multiply
FNDA:2,divide
DA:2,2
DA:3,2
DA:4,1
DA:6,1
DA:7,1
DA:10,1
DA:15,2
DA:16,2
DA:17,1
DA:19,1
DA:20,1
DA:23,0
DA:28,2
DA:29,2
DA:30,1
DA:32,1
DA:33,1
DA:36,0
DA:41,2
DA:42,2
DA:43,1
DA:45,1
DA:46,1
DA:49,0
DA:53,1
LF:25
LH:22
BRDA:3,0,0,1
BRDA:3,0,1,1
BRDA:3,1,0,2
BRDA:3,1,1,1
BRDA:16,2,0,1
BRDA:16,2,1,1
BRDA:16,3,0,2
BRDA:16,3,1,1
BRDA:29,4,0,1
BRDA:29,4,1,1
BRDA:29,5,0,2
BRDA:29,5,1,1
BRDA:42,6,0,1
BRDA:42,6,1,1
BRDA:42,7,0,2
BRDA:42,7,1,1
BRDA:42,7,2,1
BRF:17
BRH:17
end_of_record
